[debug] [2017-09-06T21:30:33.409Z] ----------------------------------------------------------------------
[debug] [2017-09-06T21:30:33.411Z] Command:       /usr/local/Cellar/node/8.1.3/bin/node /usr/local/bin/firebase serve
[debug] [2017-09-06T21:30:33.411Z] CLI Version:   3.10.0
[debug] [2017-09-06T21:30:33.411Z] Platform:      darwin
[debug] [2017-09-06T21:30:33.411Z] Node Version:  v8.1.3
[debug] [2017-09-06T21:30:33.412Z] Time:          Wed Sep 06 2017 14:30:33 GMT-0700 (PDT)
[debug] [2017-09-06T21:30:33.412Z] ----------------------------------------------------------------------
[debug]
[debug] [2017-09-06T21:30:33.425Z] > command requires scopes: ["email","openid","https://www.googleapis.com/auth/cloudplatformprojects.readonly","https://www.googleapis.com/auth/firebase","https://www.googleapis.com/auth/cloud-platform"]
[debug] [2017-09-06T21:30:33.425Z] > authorizing via signed-in user
[debug] [2017-09-06T21:30:33.427Z] >>> HTTP REQUEST GET https://admin.firebase.com/v1/projects/recipe-box-73769
 Wed Sep 06 2017 14:30:33 GMT-0700 (PDT)
[debug] [2017-09-06T21:30:34.005Z] <<< HTTP RESPONSE 200
[debug] [2017-09-06T21:30:34.006Z] >>> HTTP REQUEST GET https://admin.firebase.com/v1/database/recipe-box-73769/tokens
 Wed Sep 06 2017 14:30:34 GMT-0700 (PDT)
[debug] [2017-09-06T21:30:34.583Z] <<< HTTP RESPONSE 200
[info]
[info] === Serving from '/Users/adambohannon/Documents/Dev/freecodecamp-projects/react-recipe-box'...
[info]
[debug] [2017-09-06T21:30:34.586Z] >>> HTTP REQUEST GET https://cloudresourcemanager.googleapis.com/v1/projects/recipe-box-73769
 Wed Sep 06 2017 14:30:34 GMT-0700 (PDT)
[debug] [2017-09-06T21:30:35.182Z] <<< HTTP RESPONSE 200
[debug] [2017-09-06T21:30:35.183Z] >>> HTTP REQUEST GET https://mobilesdk-pa.googleapis.com/v1/projects/678261485796/clients/_:getWebAppConfig
 Wed Sep 06 2017 14:30:35 GMT-0700 (PDT)
[debug] [2017-09-06T21:30:35.617Z] <<< HTTP RESPONSE 200
[info] i  hosting: Serving hosting files from: public
[info] ✔  hosting: Local server: http://localhost:5000

[info] Shutting down...
